Using pre-set license
Built from '2020.3/staging' branch; Version is '2020.3.8f1 (507919d4fff5) revision 5273881'; Using compiler version '192528614'; Build Type 'Release'
OS: 'Windows 10 Pro; OS build 19042.1165; Version 2009; 64bit' Language: 'tr' Physical Memory: 8111 MB
BatchMode: 1, IsHumanControllingUs: 0, StartBugReporterOnCrash: 0, Is64bit: 1, IsPro: 0

 COMMAND LINE ARGUMENTS:
C:\Program Files\Unity\Hub\Editor\2020.3.8f1\Editor\Unity.exe
-adb2
-batchMode
-noUpm
-name
AssetImportWorker0
-projectPath
C:/Users/firat/Desktop/fruit Ninja Clone/HelixJumpClone
-logFile
Logs/AssetImportWorker0.log
-srvPort
56719
Successfully changed project path to: C:/Users/firat/Desktop/fruit Ninja Clone/HelixJumpClone
C:/Users/firat/Desktop/fruit Ninja Clone/HelixJumpClone
Using Asset Import Pipeline V2.
Refreshing native plugins compatible for Editor in 25.72 ms, found 0 plugins.
Preloading 0 native plugins for Editor in 0.00 ms.
Initialize engine version: 2020.3.8f1 (507919d4fff5)
[Subsystems] Discovering subsystems at path C:/Program Files/Unity/Hub/Editor/2020.3.8f1/Editor/Data/Resources/UnitySubsystems
[Subsystems] Discovering subsystems at path C:/Users/firat/Desktop/fruit Ninja Clone/HelixJumpClone/Assets
GfxDevice: creating device client; threaded=0
Direct3D:
    Version:  Direct3D 11.0 [level 11.0]
    Renderer: NVIDIA GeForce GTX 950M (ID=0x139a)
    Vendor:   
    VRAM:     2010 MB
    Driver:   30.0.14.7196
Initialize mono
Mono path[0] = 'C:/Program Files/Unity/Hub/Editor/2020.3.8f1/Editor/Data/Managed'
Mono path[1] = 'C:/Program Files/Unity/Hub/Editor/2020.3.8f1/Editor/Data/MonoBleedingEdge/lib/mono/unityjit'
Mono config path = 'C:/Program Files/Unity/Hub/Editor/2020.3.8f1/Editor/Data/MonoBleedingEdge/etc'
Using monoOptions --debugger-agent=transport=dt_socket,embedding=1,server=y,suspend=n,address=127.0.0.1:56596
Begin MonoManager ReloadAssembly
Registering precompiled unity dll's ...
Register platform support module: C:/Program Files/Unity/Hub/Editor/2020.3.8f1/Editor/Data/PlaybackEngines/WindowsStandaloneSupport/UnityEditor.WindowsStandalone.Extensions.dll
Registered in 0.002499 seconds.
Native extension for WindowsStandalone target not found
Refreshing native plugins compatible for Editor in 27.38 ms, found 0 plugins.
Preloading 0 native plugins for Editor in 0.00 ms.
Mono: successfully reloaded assembly
- Completed reload, in  2.557 seconds
Platform modules already initialized, skipping
Registering precompiled user dll's ...
Registered in 0.000833 seconds.
Begin MonoManager ReloadAssembly
Native extension for WindowsStandalone target not found
Refreshing native plugins compatible for Editor in 0.27 ms, found 0 plugins.
Preloading 0 native plugins for Editor in 0.00 ms.
Mono: successfully reloaded assembly
- Completed reload, in  1.054 seconds
Platform modules already initialized, skipping
========================================================================
Worker process is ready to serve import requests
Launched and connected shader compiler UnityShaderCompiler.exe after 0.05 seconds
Refreshing native plugins compatible for Editor in 0.29 ms, found 0 plugins.
Preloading 0 native plugins for Editor in 0.00 ms.
Unloading 1115 Unused Serialized files (Serialized files now loaded: 0)
System memory in use before: 57.2 MB.
System memory in use after: 57.2 MB.

Unloading 10 unused Assets to reduce memory usage. Loaded Objects now: 1557.
Total: 2.048600 ms (FindLiveObjects: 0.133200 ms CreateObjectMapping: 0.053700 ms MarkObjects: 1.776300 ms  DeleteObjects: 0.084100 ms)

========================================================================
Received Import Request.
  path: Assets
  artifactKey: Guid(00000000000000001000000000000000) Importer(815301076,1909f56bfc062723c751e8b465ee728b)
Start importing Assets using Guid(00000000000000001000000000000000) Importer(815301076,1909f56bfc062723c751e8b465ee728b)  -> (artifact id: '42d402b061de3733987d63b9cc3b64de') in 0.022165 seconds
  Import took 0.032936 seconds .

========================================================================
Received Import Request.
  Time since last request: 0.480297 seconds.
  path: Assets/Material
  artifactKey: Guid(aea05ef5b9ce1604aba90cea35f5cf0f) Importer(815301076,1909f56bfc062723c751e8b465ee728b)
Start importing Assets/Material using Guid(aea05ef5b9ce1604aba90cea35f5cf0f) Importer(815301076,1909f56bfc062723c751e8b465ee728b)  -> (artifact id: 'a82395e153bed6a3eeff659f8a517b5b') in 0.009998 seconds
  Import took 0.012848 seconds .

========================================================================
Received Import Request.
  Time since last request: 0.005667 seconds.
  path: Assets/Material
  artifactKey: Guid(aea05ef5b9ce1604aba90cea35f5cf0f) Importer(815301076,1909f56bfc062723c751e8b465ee728b)
Start importing Assets/Material using Guid(aea05ef5b9ce1604aba90cea35f5cf0f) Importer(815301076,1909f56bfc062723c751e8b465ee728b)  -> (artifact id: 'a82395e153bed6a3eeff659f8a517b5b') in 0.004141 seconds
  Import took 0.008240 seconds .

========================================================================
Received Import Request.
  Time since last request: 8.974982 seconds.
  path: Assets/Material/Cylinder.mat
  artifactKey: Guid(eb3935e2c49a896478a03aaaee1a9054) Importer(815301076,1909f56bfc062723c751e8b465ee728b)
Start importing Assets/Material/Cylinder.mat using Guid(eb3935e2c49a896478a03aaaee1a9054) Importer(815301076,1909f56bfc062723c751e8b465ee728b)  -> (artifact id: '340d0094642af54dbd65a53e4a91d3ac') in 0.375124 seconds
  Import took 0.378655 seconds .

========================================================================
Received Import Request.
  Time since last request: 376.644131 seconds.
  path: Assets/Material/Background.png
  artifactKey: Guid(c11eae4f930e4404c9488a6e3ae5b2e6) Importer(815301076,1909f56bfc062723c751e8b465ee728b)
Start importing Assets/Material/Background.png using Guid(c11eae4f930e4404c9488a6e3ae5b2e6) Importer(815301076,1909f56bfc062723c751e8b465ee728b)  -> (artifact id: '32bb11aba6b17ce8350c5c5401bdb80a') in 0.178178 seconds
  Import took 0.181043 seconds .

========================================================================
Received Import Request.
  Time since last request: 0.000250 seconds.
  path: Assets/Material/Platform.fbx
  artifactKey: Guid(35fe86cea87ac554e999cef7728d3488) Importer(815301076,1909f56bfc062723c751e8b465ee728b)
Start importing Assets/Material/Platform.fbx using Guid(35fe86cea87ac554e999cef7728d3488) Importer(815301076,1909f56bfc062723c751e8b465ee728b)  -> (artifact id: '82f6d3ef0883b55d2bd5ce73049ea57c') in 0.224231 seconds
  Import took 0.227739 seconds .

========================================================================
Received Import Request.
  Time since last request: 0.000414 seconds.
  path: Assets/Material/Paint Splash.png
  artifactKey: Guid(f6a4853c5add94449b96cedf50da41c3) Importer(815301076,1909f56bfc062723c751e8b465ee728b)
Start importing Assets/Material/Paint Splash.png using Guid(f6a4853c5add94449b96cedf50da41c3) Importer(815301076,1909f56bfc062723c751e8b465ee728b)  -> (artifact id: '344077e972180fc87d6a2250813c8103') in 0.020256 seconds
  Import took 0.023554 seconds .

========================================================================
Received Import Request.
  Time since last request: 13.837891 seconds.
  path: Assets/Material/Background.png
  artifactKey: Guid(c11eae4f930e4404c9488a6e3ae5b2e6) Importer(815301076,1909f56bfc062723c751e8b465ee728b)
Start importing Assets/Material/Background.png using Guid(c11eae4f930e4404c9488a6e3ae5b2e6) Importer(815301076,1909f56bfc062723c751e8b465ee728b)  -> (artifact id: '87439aead925427adc25431c630ad639') in 0.040288 seconds
  Import took 0.055607 seconds .

========================================================================
Received Import Request.
  Time since last request: 32.791267 seconds.
  path: Assets/Material/Background.png
  artifactKey: Guid(c11eae4f930e4404c9488a6e3ae5b2e6) Importer(815301076,1909f56bfc062723c751e8b465ee728b)
Start importing Assets/Material/Background.png using Guid(c11eae4f930e4404c9488a6e3ae5b2e6) Importer(815301076,1909f56bfc062723c751e8b465ee728b)  -> (artifact id: '0272d57317e76c55fe32a2966cc70de8') in 0.030172 seconds
  Import took 0.033074 seconds .

========================================================================
Received Import Request.
  Time since last request: 54.019045 seconds.
  path: Assets/Material/Background.png
  artifactKey: Guid(c11eae4f930e4404c9488a6e3ae5b2e6) Importer(815301076,1909f56bfc062723c751e8b465ee728b)
Start importing Assets/Material/Background.png using Guid(c11eae4f930e4404c9488a6e3ae5b2e6) Importer(815301076,1909f56bfc062723c751e8b465ee728b)  -> (artifact id: 'f0a8e25a556933e2ac6b24848e904dbf') in 0.018885 seconds
  Import took 0.052761 seconds .

========================================================================
Received Import Request.
  Time since last request: 304.322761 seconds.
  path: Assets/Prefab
  artifactKey: Guid(8f0f6227e59ef8c45bc08bc4bb86f442) Importer(815301076,1909f56bfc062723c751e8b465ee728b)
Start importing Assets/Prefab using Guid(8f0f6227e59ef8c45bc08bc4bb86f442) Importer(815301076,1909f56bfc062723c751e8b465ee728b)  -> (artifact id: 'f97978087ddd0827de9a595bfd537246') in 0.007486 seconds
  Import took 0.010722 seconds .

========================================================================
Received Import Request.
  Time since last request: 17.714088 seconds.
  path: Assets/New Folder
  artifactKey: Guid(7852de168aff76746a12043c52bc40b5) Importer(815301076,1909f56bfc062723c751e8b465ee728b)
Start importing Assets/New Folder using Guid(7852de168aff76746a12043c52bc40b5) Importer(815301076,1909f56bfc062723c751e8b465ee728b)  -> (artifact id: 'fec33396866c390cc5fb7a2d197750e0') in 0.009246 seconds
  Import took 0.027744 seconds .

========================================================================
Received Import Request.
  Time since last request: 10.646042 seconds.
  path: Assets/Material/New Material.mat
  artifactKey: Guid(88bd0a5899c367f4ea661dc6a8e3277e) Importer(815301076,1909f56bfc062723c751e8b465ee728b)
Start importing Assets/Material/New Material.mat using Guid(88bd0a5899c367f4ea661dc6a8e3277e) Importer(815301076,1909f56bfc062723c751e8b465ee728b)  -> (artifact id: 'ca8b5d94406a053a702f2d6ec68bfb0b') in 0.057861 seconds
  Import took 0.073218 seconds .

========================================================================
Received Import Request.
  Time since last request: 13.967806 seconds.
  path: Assets/Material/safe color.mat
  artifactKey: Guid(88bd0a5899c367f4ea661dc6a8e3277e) Importer(815301076,1909f56bfc062723c751e8b465ee728b)
Start importing Assets/Material/safe color.mat using Guid(88bd0a5899c367f4ea661dc6a8e3277e) Importer(815301076,1909f56bfc062723c751e8b465ee728b)  -> (artifact id: '057805e53a8eff4a30adafaf3561fb3d') in 0.020702 seconds
  Import took 0.023828 seconds .

========================================================================
Received Import Request.
  Time since last request: 681.071879 seconds.
  path: Assets/Material/BallColor.mat
  artifactKey: Guid(d537f702f36963643841c042bebc54cf) Importer(815301076,1909f56bfc062723c751e8b465ee728b)
Start importing Assets/Material/BallColor.mat using Guid(d537f702f36963643841c042bebc54cf) Importer(815301076,1909f56bfc062723c751e8b465ee728b)  -> (artifact id: 'c56bee625bcdf304f6bcd4ff0c304a3c') in 0.019755 seconds
  Import took 0.041080 seconds .

========================================================================
Received Import Request.
  Time since last request: 20.506209 seconds.
  path: Assets/Material/CrashAreaColor.mat
  artifactKey: Guid(729456690d0e04341a19fd9a67d5f49c) Importer(815301076,1909f56bfc062723c751e8b465ee728b)
Start importing Assets/Material/CrashAreaColor.mat using Guid(729456690d0e04341a19fd9a67d5f49c) Importer(815301076,1909f56bfc062723c751e8b465ee728b)  -> (artifact id: '565a3ab93e2bf6fbcd4982d8c4602b8f') in 0.015509 seconds
  Import took 0.028837 seconds .

========================================================================
Received Import Request.
  Time since last request: 166.301715 seconds.
  path: Assets/Script
  artifactKey: Guid(6c808f3a6acbcc844acc9edadc831d83) Importer(815301076,1909f56bfc062723c751e8b465ee728b)
Start importing Assets/Script using Guid(6c808f3a6acbcc844acc9edadc831d83) Importer(815301076,1909f56bfc062723c751e8b465ee728b)  -> (artifact id: '7313edf46351361949cee03bed661d53') in 0.008319 seconds
  Import took 0.011255 seconds .

========================================================================
Received Import Request.
  Time since last request: 0.008724 seconds.
  path: Assets/Script
  artifactKey: Guid(6c808f3a6acbcc844acc9edadc831d83) Importer(815301076,1909f56bfc062723c751e8b465ee728b)
Start importing Assets/Script using Guid(6c808f3a6acbcc844acc9edadc831d83) Importer(815301076,1909f56bfc062723c751e8b465ee728b)  -> (artifact id: '7313edf46351361949cee03bed661d53') in 0.002635 seconds
  Import took 0.005035 seconds .

========================================================================
Received Prepare
Registering precompiled user dll's ...
Registered in 0.001195 seconds.
Begin MonoManager ReloadAssembly
Native extension for WindowsStandalone target not found
Refreshing native plugins compatible for Editor in 0.24 ms, found 0 plugins.
Preloading 0 native plugins for Editor in 0.00 ms.
Mono: successfully reloaded assembly
- Completed reload, in  0.999 seconds
Platform modules already initialized, skipping
Refreshing native plugins compatible for Editor in 0.25 ms, found 0 plugins.
Preloading 0 native plugins for Editor in 0.00 ms.
Unloading 1111 Unused Serialized files (Serialized files now loaded: 0)
System memory in use before: 60.6 MB.
System memory in use after: 60.6 MB.

Unloading 6 unused Assets to reduce memory usage. Loaded Objects now: 1608.
Total: 2.390400 ms (FindLiveObjects: 0.148300 ms CreateObjectMapping: 0.085500 ms MarkObjects: 2.062300 ms  DeleteObjects: 0.093200 ms)

========================================================================
Received Import Request.
  Time since last request: 12.083983 seconds.
  path: Assets/Script/NewBehaviourScript.cs
  artifactKey: Guid(afa6cc0bec2bd7a4399afdef781f90a3) Importer(815301076,1909f56bfc062723c751e8b465ee728b)
Start importing Assets/Script/NewBehaviourScript.cs using Guid(afa6cc0bec2bd7a4399afdef781f90a3) Importer(815301076,1909f56bfc062723c751e8b465ee728b)  -> (artifact id: 'fa5f388c75bd8043184c68eaf3e1f0d0') in 0.092458 seconds
  Import took 0.098129 seconds .

========================================================================
Received Import Request.
  Time since last request: 18.472537 seconds.
  path: Assets/Script/RatateCylinder.cs
  artifactKey: Guid(afa6cc0bec2bd7a4399afdef781f90a3) Importer(815301076,1909f56bfc062723c751e8b465ee728b)
Start importing Assets/Script/RatateCylinder.cs using Guid(afa6cc0bec2bd7a4399afdef781f90a3) Importer(815301076,1909f56bfc062723c751e8b465ee728b)  -> (artifact id: 'ff55c32e9cf34429210121099ee38628') in 0.009768 seconds
  Import took 0.012956 seconds .

========================================================================
Received Prepare
Registering precompiled user dll's ...
Registered in 0.000698 seconds.
Begin MonoManager ReloadAssembly
Native extension for WindowsStandalone target not found
Refreshing native plugins compatible for Editor in 0.27 ms, found 0 plugins.
Preloading 0 native plugins for Editor in 0.00 ms.
Mono: successfully reloaded assembly
- Completed reload, in  0.958 seconds
Platform modules already initialized, skipping
Refreshing native plugins compatible for Editor in 0.25 ms, found 0 plugins.
Preloading 0 native plugins for Editor in 0.00 ms.
Unloading 1111 Unused Serialized files (Serialized files now loaded: 0)
System memory in use before: 60.6 MB.
System memory in use after: 60.7 MB.

Unloading 5 unused Assets to reduce memory usage. Loaded Objects now: 1611.
Total: 1.857600 ms (FindLiveObjects: 0.128400 ms CreateObjectMapping: 0.042600 ms MarkObjects: 1.625800 ms  DeleteObjects: 0.059800 ms)

========================================================================
Received Prepare
Registering precompiled user dll's ...
Registered in 0.000741 seconds.
Begin MonoManager ReloadAssembly
Native extension for WindowsStandalone target not found
Refreshing native plugins compatible for Editor in 0.25 ms, found 0 plugins.
Preloading 0 native plugins for Editor in 0.00 ms.
Mono: successfully reloaded assembly
- Completed reload, in  1.065 seconds
Platform modules already initialized, skipping
Refreshing native plugins compatible for Editor in 0.24 ms, found 0 plugins.
Preloading 0 native plugins for Editor in 0.00 ms.
Unloading 1110 Unused Serialized files (Serialized files now loaded: 0)
System memory in use before: 60.6 MB.
System memory in use after: 60.7 MB.

Unloading 6 unused Assets to reduce memory usage. Loaded Objects now: 1613.
Total: 1.873000 ms (FindLiveObjects: 0.142000 ms CreateObjectMapping: 0.042300 ms MarkObjects: 1.629400 ms  DeleteObjects: 0.058200 ms)

========================================================================
Received Prepare
Registering precompiled user dll's ...
Registered in 0.001024 seconds.
Begin MonoManager ReloadAssembly
Native extension for WindowsStandalone target not found
Refreshing native plugins compatible for Editor in 0.27 ms, found 0 plugins.
Preloading 0 native plugins for Editor in 0.00 ms.
Mono: successfully reloaded assembly
- Completed reload, in  1.013 seconds
Platform modules already initialized, skipping
Refreshing native plugins compatible for Editor in 0.32 ms, found 0 plugins.
Preloading 0 native plugins for Editor in 0.00 ms.
Unloading 1111 Unused Serialized files (Serialized files now loaded: 0)
System memory in use before: 60.6 MB.
System memory in use after: 60.7 MB.

Unloading 5 unused Assets to reduce memory usage. Loaded Objects now: 1617.
Total: 1.754500 ms (FindLiveObjects: 0.138900 ms CreateObjectMapping: 0.042900 ms MarkObjects: 1.516800 ms  DeleteObjects: 0.054700 ms)

========================================================================
Received Prepare
Registering precompiled user dll's ...
Registered in 0.000807 seconds.
Begin MonoManager ReloadAssembly
Native extension for WindowsStandalone target not found
Refreshing native plugins compatible for Editor in 0.24 ms, found 0 plugins.
Preloading 0 native plugins for Editor in 0.00 ms.
Mono: successfully reloaded assembly
- Completed reload, in  0.961 seconds
Platform modules already initialized, skipping
Refreshing native plugins compatible for Editor in 0.25 ms, found 0 plugins.
Preloading 0 native plugins for Editor in 0.00 ms.
Unloading 1111 Unused Serialized files (Serialized files now loaded: 0)
System memory in use before: 60.6 MB.
System memory in use after: 60.7 MB.

Unloading 5 unused Assets to reduce memory usage. Loaded Objects now: 1620.
Total: 4.783100 ms (FindLiveObjects: 0.496100 ms CreateObjectMapping: 0.102100 ms MarkObjects: 4.118900 ms  DeleteObjects: 0.061700 ms)

========================================================================
Received Prepare
Registering precompiled user dll's ...
Registered in 0.001046 seconds.
Begin MonoManager ReloadAssembly
Native extension for WindowsStandalone target not found
Refreshing native plugins compatible for Editor in 0.34 ms, found 0 plugins.
Preloading 0 native plugins for Editor in 0.00 ms.
Mono: successfully reloaded assembly
- Completed reload, in  1.712 seconds
Platform modules already initialized, skipping
Refreshing native plugins compatible for Editor in 0.27 ms, found 0 plugins.
Preloading 0 native plugins for Editor in 0.00 ms.
Unloading 1112 Unused Serialized files (Serialized files now loaded: 0)
System memory in use before: 60.7 MB.
System memory in use after: 60.7 MB.

Unloading 5 unused Assets to reduce memory usage. Loaded Objects now: 1624.
Total: 3.132800 ms (FindLiveObjects: 0.157500 ms CreateObjectMapping: 0.049000 ms MarkObjects: 2.836000 ms  DeleteObjects: 0.088600 ms)

========================================================================
Received Import Request.
  Time since last request: 332.812405 seconds.
  path: Assets/Script/RatateCylinder.cs
  artifactKey: Guid(afa6cc0bec2bd7a4399afdef781f90a3) Importer(815301076,1909f56bfc062723c751e8b465ee728b)
Start importing Assets/Script/RatateCylinder.cs using Guid(afa6cc0bec2bd7a4399afdef781f90a3) Importer(815301076,1909f56bfc062723c751e8b465ee728b)  -> (artifact id: 'f8f73e7e385ed2577fae7bda14dd5d3b') in 0.007392 seconds
  Import took 0.010067 seconds .

========================================================================
Received Import Request.
  Time since last request: 0.000447 seconds.
  path: Assets/Script/RatateCylinder.cs
  artifactKey: Guid(afa6cc0bec2bd7a4399afdef781f90a3) Importer(815301076,1909f56bfc062723c751e8b465ee728b)
Start importing Assets/Script/RatateCylinder.cs using Guid(afa6cc0bec2bd7a4399afdef781f90a3) Importer(815301076,1909f56bfc062723c751e8b465ee728b)  -> (artifact id: 'f8f73e7e385ed2577fae7bda14dd5d3b') in 0.002709 seconds
  Import took 0.005446 seconds .

========================================================================
Received Import Request.
  Time since last request: 0.767163 seconds.
  path: Assets/Script/RotateCylinder.cs
  artifactKey: Guid(09a6ba8c75215ba4c9e172b8a13b3d6a) Importer(815301076,1909f56bfc062723c751e8b465ee728b)
Start importing Assets/Script/RotateCylinder.cs using Guid(09a6ba8c75215ba4c9e172b8a13b3d6a) Importer(815301076,1909f56bfc062723c751e8b465ee728b)  -> (artifact id: '56c6e0cd0ac339413b221df73b7e96af') in 0.045799 seconds
  Import took 0.048590 seconds .

========================================================================
Received Prepare
Registering precompiled user dll's ...
Registered in 0.000763 seconds.
Begin MonoManager ReloadAssembly
Native extension for WindowsStandalone target not found
Refreshing native plugins compatible for Editor in 0.25 ms, found 0 plugins.
Preloading 0 native plugins for Editor in 0.00 ms.
Mono: successfully reloaded assembly
- Completed reload, in  1.006 seconds
Platform modules already initialized, skipping
Refreshing native plugins compatible for Editor in 0.24 ms, found 0 plugins.
Preloading 0 native plugins for Editor in 0.00 ms.
Unloading 1112 Unused Serialized files (Serialized files now loaded: 0)
System memory in use before: 60.7 MB.
System memory in use after: 60.7 MB.

Unloading 5 unused Assets to reduce memory usage. Loaded Objects now: 1627.
Total: 1.892400 ms (FindLiveObjects: 0.155300 ms CreateObjectMapping: 0.070600 ms MarkObjects: 1.613700 ms  DeleteObjects: 0.051800 ms)

========================================================================
Received Prepare
Registering precompiled user dll's ...
Registered in 0.001127 seconds.
Begin MonoManager ReloadAssembly
Native extension for WindowsStandalone target not found
Refreshing native plugins compatible for Editor in 0.25 ms, found 0 plugins.
Preloading 0 native plugins for Editor in 0.00 ms.
Mono: successfully reloaded assembly
- Completed reload, in  1.035 seconds
Platform modules already initialized, skipping
Refreshing native plugins compatible for Editor in 0.28 ms, found 0 plugins.
Preloading 0 native plugins for Editor in 0.00 ms.
Unloading 1111 Unused Serialized files (Serialized files now loaded: 0)
System memory in use before: 60.6 MB.
System memory in use after: 60.7 MB.

Unloading 6 unused Assets to reduce memory usage. Loaded Objects now: 1629.
Total: 1.954000 ms (FindLiveObjects: 0.141500 ms CreateObjectMapping: 0.042700 ms MarkObjects: 1.690400 ms  DeleteObjects: 0.078500 ms)

========================================================================
Received Prepare
Registering precompiled user dll's ...
Registered in 0.000786 seconds.
Begin MonoManager ReloadAssembly
Native extension for WindowsStandalone target not found
Refreshing native plugins compatible for Editor in 0.27 ms, found 0 plugins.
Preloading 0 native plugins for Editor in 0.00 ms.
Mono: successfully reloaded assembly
- Completed reload, in  0.989 seconds
Platform modules already initialized, skipping
Refreshing native plugins compatible for Editor in 0.24 ms, found 0 plugins.
Preloading 0 native plugins for Editor in 0.00 ms.
Unloading 1111 Unused Serialized files (Serialized files now loaded: 0)
System memory in use before: 60.6 MB.
System memory in use after: 60.7 MB.

Unloading 5 unused Assets to reduce memory usage. Loaded Objects now: 1632.
Total: 1.705500 ms (FindLiveObjects: 0.140400 ms CreateObjectMapping: 0.044900 ms MarkObjects: 1.465700 ms  DeleteObjects: 0.053500 ms)

========================================================================
Received Prepare
Registering precompiled user dll's ...
Registered in 0.000985 seconds.
Begin MonoManager ReloadAssembly
Native extension for WindowsStandalone target not found
Refreshing native plugins compatible for Editor in 0.29 ms, found 0 plugins.
Preloading 0 native plugins for Editor in 0.00 ms.
Mono: successfully reloaded assembly
- Completed reload, in  1.375 seconds
Platform modules already initialized, skipping
Refreshing native plugins compatible for Editor in 0.45 ms, found 0 plugins.
Preloading 0 native plugins for Editor in 0.00 ms.
Unloading 1111 Unused Serialized files (Serialized files now loaded: 0)
System memory in use before: 60.7 MB.
System memory in use after: 60.7 MB.

Unloading 5 unused Assets to reduce memory usage. Loaded Objects now: 1635.
Total: 3.363500 ms (FindLiveObjects: 0.152300 ms CreateObjectMapping: 0.045800 ms MarkObjects: 3.092900 ms  DeleteObjects: 0.070700 ms)

========================================================================
Received Prepare
Registering precompiled user dll's ...
Registered in 0.000833 seconds.
Begin MonoManager ReloadAssembly
Native extension for WindowsStandalone target not found
Refreshing native plugins compatible for Editor in 0.37 ms, found 0 plugins.
Preloading 0 native plugins for Editor in 0.00 ms.
Mono: successfully reloaded assembly
- Completed reload, in  1.437 seconds
Platform modules already initialized, skipping
Refreshing native plugins compatible for Editor in 0.29 ms, found 0 plugins.
Preloading 0 native plugins for Editor in 0.00 ms.
Unloading 1112 Unused Serialized files (Serialized files now loaded: 0)
System memory in use before: 60.7 MB.
System memory in use after: 60.8 MB.

Unloading 5 unused Assets to reduce memory usage. Loaded Objects now: 1639.
Total: 2.794600 ms (FindLiveObjects: 0.360800 ms CreateObjectMapping: 0.113400 ms MarkObjects: 2.254700 ms  DeleteObjects: 0.064200 ms)

========================================================================
Received Prepare
Registering precompiled user dll's ...
Registered in 0.000880 seconds.
Begin MonoManager ReloadAssembly
Native extension for WindowsStandalone target not found
Refreshing native plugins compatible for Editor in 0.78 ms, found 0 plugins.
Preloading 0 native plugins for Editor in 0.00 ms.
Mono: successfully reloaded assembly
- Completed reload, in  1.211 seconds
Platform modules already initialized, skipping
Refreshing native plugins compatible for Editor in 0.45 ms, found 0 plugins.
Preloading 0 native plugins for Editor in 0.00 ms.
Unloading 1112 Unused Serialized files (Serialized files now loaded: 0)
System memory in use before: 60.7 MB.
System memory in use after: 60.8 MB.

Unloading 5 unused Assets to reduce memory usage. Loaded Objects now: 1642.
Total: 3.255200 ms (FindLiveObjects: 0.290900 ms CreateObjectMapping: 0.082600 ms MarkObjects: 2.798400 ms  DeleteObjects: 0.080500 ms)

========================================================================
Received Prepare
Registering precompiled user dll's ...
Registered in 0.001041 seconds.
Begin MonoManager ReloadAssembly
Native extension for WindowsStandalone target not found
Refreshing native plugins compatible for Editor in 0.26 ms, found 0 plugins.
Preloading 0 native plugins for Editor in 0.00 ms.
Mono: successfully reloaded assembly
- Completed reload, in  1.383 seconds
Platform modules already initialized, skipping
Refreshing native plugins compatible for Editor in 0.48 ms, found 0 plugins.
Preloading 0 native plugins for Editor in 0.00 ms.
Unloading 1112 Unused Serialized files (Serialized files now loaded: 0)
System memory in use before: 60.7 MB.
System memory in use after: 60.8 MB.

Unloading 5 unused Assets to reduce memory usage. Loaded Objects now: 1645.
Total: 4.175100 ms (FindLiveObjects: 0.231800 ms CreateObjectMapping: 0.060100 ms MarkObjects: 3.804700 ms  DeleteObjects: 0.076300 ms)

========================================================================
Received Prepare
Registering precompiled user dll's ...
Registered in 0.000953 seconds.
Begin MonoManager ReloadAssembly
Native extension for WindowsStandalone target not found
Refreshing native plugins compatible for Editor in 0.24 ms, found 0 plugins.
Preloading 0 native plugins for Editor in 0.00 ms.
Mono: successfully reloaded assembly
- Completed reload, in  1.129 seconds
Platform modules already initialized, skipping
Refreshing native plugins compatible for Editor in 0.26 ms, found 0 plugins.
Preloading 0 native plugins for Editor in 0.00 ms.
Unloading 1112 Unused Serialized files (Serialized files now loaded: 0)
System memory in use before: 60.7 MB.
System memory in use after: 60.8 MB.

Unloading 5 unused Assets to reduce memory usage. Loaded Objects now: 1648.
Total: 2.142700 ms (FindLiveObjects: 0.140600 ms CreateObjectMapping: 0.047000 ms MarkObjects: 1.897600 ms  DeleteObjects: 0.056400 ms)

========================================================================
Received Prepare
Registering precompiled user dll's ...
Registered in 0.001857 seconds.
Begin MonoManager ReloadAssembly
Native extension for WindowsStandalone target not found
Refreshing native plugins compatible for Editor in 0.70 ms, found 0 plugins.
Preloading 0 native plugins for Editor in 0.00 ms.
Mono: successfully reloaded assembly
- Completed reload, in  1.613 seconds
Platform modules already initialized, skipping
Refreshing native plugins compatible for Editor in 0.31 ms, found 0 plugins.
Preloading 0 native plugins for Editor in 0.00 ms.
Unloading 1112 Unused Serialized files (Serialized files now loaded: 0)
System memory in use before: 60.7 MB.
System memory in use after: 60.8 MB.

Unloading 5 unused Assets to reduce memory usage. Loaded Objects now: 1651.
Total: 3.654900 ms (FindLiveObjects: 0.169600 ms CreateObjectMapping: 0.048600 ms MarkObjects: 3.201000 ms  DeleteObjects: 0.232000 ms)

========================================================================
Received Prepare
Registering precompiled user dll's ...
Registered in 0.000897 seconds.
Begin MonoManager ReloadAssembly
Native extension for WindowsStandalone target not found
Refreshing native plugins compatible for Editor in 0.27 ms, found 0 plugins.
Preloading 0 native plugins for Editor in 0.00 ms.
Mono: successfully reloaded assembly
- Completed reload, in  1.064 seconds
Platform modules already initialized, skipping
Refreshing native plugins compatible for Editor in 0.24 ms, found 0 plugins.
Preloading 0 native plugins for Editor in 0.00 ms.
Unloading 1112 Unused Serialized files (Serialized files now loaded: 0)
System memory in use before: 60.7 MB.
System memory in use after: 60.8 MB.

Unloading 5 unused Assets to reduce memory usage. Loaded Objects now: 1654.
Total: 1.992200 ms (FindLiveObjects: 0.159200 ms CreateObjectMapping: 0.043700 ms MarkObjects: 1.732200 ms  DeleteObjects: 0.055700 ms)

========================================================================
Received Import Request.
  Time since last request: 988.987188 seconds.
  path: Assets/Script/camScript.cs
  artifactKey: Guid(2cc0ec92a7a5ef6428f1ac25145a254b) Importer(815301076,1909f56bfc062723c751e8b465ee728b)
Start importing Assets/Script/camScript.cs using Guid(2cc0ec92a7a5ef6428f1ac25145a254b) Importer(815301076,1909f56bfc062723c751e8b465ee728b)  -> (artifact id: 'e7a6e7ddc79e2f396cfaf30dca1ced07') in 0.017277 seconds
  Import took 0.020988 seconds .

========================================================================
Received Prepare
Registering precompiled user dll's ...
Registered in 0.001154 seconds.
Begin MonoManager ReloadAssembly
Native extension for WindowsStandalone target not found
Refreshing native plugins compatible for Editor in 0.27 ms, found 0 plugins.
Preloading 0 native plugins for Editor in 0.00 ms.
Mono: successfully reloaded assembly
- Completed reload, in  1.100 seconds
Platform modules already initialized, skipping
Refreshing native plugins compatible for Editor in 0.24 ms, found 0 plugins.
Preloading 0 native plugins for Editor in 0.00 ms.
Unloading 1113 Unused Serialized files (Serialized files now loaded: 0)
System memory in use before: 60.7 MB.
System memory in use after: 60.8 MB.

Unloading 5 unused Assets to reduce memory usage. Loaded Objects now: 1658.
Total: 2.270800 ms (FindLiveObjects: 0.170100 ms CreateObjectMapping: 0.043600 ms MarkObjects: 2.000100 ms  DeleteObjects: 0.056100 ms)

========================================================================
Received Prepare
Registering precompiled user dll's ...
Registered in 0.000800 seconds.
Begin MonoManager ReloadAssembly
Native extension for WindowsStandalone target not found
Refreshing native plugins compatible for Editor in 0.25 ms, found 0 plugins.
Preloading 0 native plugins for Editor in 0.00 ms.
Mono: successfully reloaded assembly
- Completed reload, in  1.089 seconds
Platform modules already initialized, skipping
Refreshing native plugins compatible for Editor in 0.27 ms, found 0 plugins.
Preloading 0 native plugins for Editor in 0.00 ms.
Unloading 1113 Unused Serialized files (Serialized files now loaded: 0)
System memory in use before: 60.7 MB.
System memory in use after: 60.8 MB.

Unloading 5 unused Assets to reduce memory usage. Loaded Objects now: 1661.
Total: 1.847800 ms (FindLiveObjects: 0.159400 ms CreateObjectMapping: 0.043800 ms MarkObjects: 1.589100 ms  DeleteObjects: 0.054600 ms)

========================================================================
Received Prepare
Registering precompiled user dll's ...
Registered in 0.000767 seconds.
Begin MonoManager ReloadAssembly
Native extension for WindowsStandalone target not found
Refreshing native plugins compatible for Editor in 0.35 ms, found 0 plugins.
Preloading 0 native plugins for Editor in 0.00 ms.
Mono: successfully reloaded assembly
- Completed reload, in  0.991 seconds
Platform modules already initialized, skipping
Refreshing native plugins compatible for Editor in 0.28 ms, found 0 plugins.
Preloading 0 native plugins for Editor in 0.00 ms.
Unloading 1113 Unused Serialized files (Serialized files now loaded: 0)
System memory in use before: 60.7 MB.
System memory in use after: 60.8 MB.

Unloading 5 unused Assets to reduce memory usage. Loaded Objects now: 1664.
Total: 2.264000 ms (FindLiveObjects: 0.168800 ms CreateObjectMapping: 0.070700 ms MarkObjects: 1.964600 ms  DeleteObjects: 0.058900 ms)

========================================================================
Received Import Request.
  Time since last request: 617.811642 seconds.
  path: Assets/Material/LevelCompletedColor.mat
  artifactKey: Guid(9bc5a8ed2a403c946bdee3be2da43800) Importer(815301076,1909f56bfc062723c751e8b465ee728b)
Start importing Assets/Material/LevelCompletedColor.mat using Guid(9bc5a8ed2a403c946bdee3be2da43800) Importer(815301076,1909f56bfc062723c751e8b465ee728b)  -> (artifact id: 'a51d7829644f4c658fe4319f8e38c068') in 0.101755 seconds
  Import took 0.105042 seconds .

========================================================================
Received Prepare
Registering precompiled user dll's ...
Registered in 0.000891 seconds.
Begin MonoManager ReloadAssembly
Native extension for WindowsStandalone target not found
Refreshing native plugins compatible for Editor in 0.32 ms, found 0 plugins.
Preloading 0 native plugins for Editor in 0.00 ms.
Mono: successfully reloaded assembly
- Completed reload, in  0.987 seconds
Platform modules already initialized, skipping
Refreshing native plugins compatible for Editor in 0.25 ms, found 0 plugins.
Preloading 0 native plugins for Editor in 0.00 ms.
Unloading 1113 Unused Serialized files (Serialized files now loaded: 0)
System memory in use before: 60.8 MB.
System memory in use after: 60.8 MB.

Unloading 5 unused Assets to reduce memory usage. Loaded Objects now: 1668.
Total: 2.208300 ms (FindLiveObjects: 0.163800 ms CreateObjectMapping: 0.050700 ms MarkObjects: 1.910300 ms  DeleteObjects: 0.082700 ms)

========================================================================
Received Prepare
Registering precompiled user dll's ...
Registered in 0.000774 seconds.
Begin MonoManager ReloadAssembly
Native extension for WindowsStandalone target not found
Refreshing native plugins compatible for Editor in 0.43 ms, found 0 plugins.
Preloading 0 native plugins for Editor in 0.00 ms.
Mono: successfully reloaded assembly
- Completed reload, in  1.024 seconds
Platform modules already initialized, skipping
Refreshing native plugins compatible for Editor in 0.23 ms, found 0 plugins.
Preloading 0 native plugins for Editor in 0.00 ms.
Unloading 1113 Unused Serialized files (Serialized files now loaded: 0)
System memory in use before: 60.8 MB.
System memory in use after: 60.9 MB.

Unloading 5 unused Assets to reduce memory usage. Loaded Objects now: 1671.
Total: 2.096800 ms (FindLiveObjects: 0.175500 ms CreateObjectMapping: 0.045200 ms MarkObjects: 1.819700 ms  DeleteObjects: 0.055500 ms)

========================================================================
Received Prepare
Registering precompiled user dll's ...
Registered in 0.000796 seconds.
Begin MonoManager ReloadAssembly
Native extension for WindowsStandalone target not found
Refreshing native plugins compatible for Editor in 0.47 ms, found 0 plugins.
Preloading 0 native plugins for Editor in 0.00 ms.
Mono: successfully reloaded assembly
- Completed reload, in  1.040 seconds
Platform modules already initialized, skipping
Refreshing native plugins compatible for Editor in 0.27 ms, found 0 plugins.
Preloading 0 native plugins for Editor in 0.00 ms.
Unloading 1113 Unused Serialized files (Serialized files now loaded: 0)
System memory in use before: 60.8 MB.
System memory in use after: 60.9 MB.

Unloading 5 unused Assets to reduce memory usage. Loaded Objects now: 1674.
Total: 1.783900 ms (FindLiveObjects: 0.141300 ms CreateObjectMapping: 0.043200 ms MarkObjects: 1.539200 ms  DeleteObjects: 0.059300 ms)

========================================================================
Received Prepare
Registering precompiled user dll's ...
Registered in 0.000777 seconds.
Begin MonoManager ReloadAssembly
Native extension for WindowsStandalone target not found
Refreshing native plugins compatible for Editor in 0.23 ms, found 0 plugins.
Preloading 0 native plugins for Editor in 0.00 ms.
Mono: successfully reloaded assembly
- Completed reload, in  0.984 seconds
Platform modules already initialized, skipping
Refreshing native plugins compatible for Editor in 0.27 ms, found 0 plugins.
Preloading 0 native plugins for Editor in 0.00 ms.
Unloading 1113 Unused Serialized files (Serialized files now loaded: 0)
System memory in use before: 60.8 MB.
System memory in use after: 60.9 MB.

Unloading 5 unused Assets to reduce memory usage. Loaded Objects now: 1677.
Total: 2.434900 ms (FindLiveObjects: 0.198300 ms CreateObjectMapping: 0.085200 ms MarkObjects: 2.092500 ms  DeleteObjects: 0.057800 ms)

========================================================================
Received Prepare
Registering precompiled user dll's ...
Registered in 0.000994 seconds.
Begin MonoManager ReloadAssembly
Native extension for WindowsStandalone target not found
Refreshing native plugins compatible for Editor in 0.24 ms, found 0 plugins.
Preloading 0 native plugins for Editor in 0.00 ms.
Mono: successfully reloaded assembly
- Completed reload, in  0.895 seconds
Platform modules already initialized, skipping
Refreshing native plugins compatible for Editor in 0.25 ms, found 0 plugins.
Preloading 0 native plugins for Editor in 0.00 ms.
Unloading 1113 Unused Serialized files (Serialized files now loaded: 0)
System memory in use before: 60.8 MB.
System memory in use after: 60.9 MB.

Unloading 5 unused Assets to reduce memory usage. Loaded Objects now: 1680.
Total: 2.319700 ms (FindLiveObjects: 0.175900 ms CreateObjectMapping: 0.094900 ms MarkObjects: 1.985200 ms  DeleteObjects: 0.062800 ms)

========================================================================
Received Import Request.
  Time since last request: 693.198874 seconds.
  path: Assets/Material/Yellow.mat
  artifactKey: Guid(729456690d0e04341a19fd9a67d5f49c) Importer(815301076,1909f56bfc062723c751e8b465ee728b)
Start importing Assets/Material/Yellow.mat using Guid(729456690d0e04341a19fd9a67d5f49c) Importer(815301076,1909f56bfc062723c751e8b465ee728b)  -> (artifact id: '17c26414189e7146dff091152a92057d') in 0.111389 seconds
  Import took 0.125820 seconds .

========================================================================
Received Import Request.
  Time since last request: 10.756151 seconds.
  path: Assets/Material/safecolor.mat
  artifactKey: Guid(88bd0a5899c367f4ea661dc6a8e3277e) Importer(815301076,1909f56bfc062723c751e8b465ee728b)
Start importing Assets/Material/safecolor.mat using Guid(88bd0a5899c367f4ea661dc6a8e3277e) Importer(815301076,1909f56bfc062723c751e8b465ee728b)  -> (artifact id: 'ab59c7d2257cfd01cd062585889b220e') in 0.040794 seconds
  Import took 0.043209 seconds .

========================================================================
Received Import Request.
  Time since last request: 13.116559 seconds.
  path: Assets/Material/FinishColor.mat
  artifactKey: Guid(9bc5a8ed2a403c946bdee3be2da43800) Importer(815301076,1909f56bfc062723c751e8b465ee728b)
Start importing Assets/Material/FinishColor.mat using Guid(9bc5a8ed2a403c946bdee3be2da43800) Importer(815301076,1909f56bfc062723c751e8b465ee728b)  -> (artifact id: '6c6b1942459b9d7f998a688934e2fe5b') in 0.020114 seconds
  Import took 0.023746 seconds .

========================================================================
Received Import Request.
  Time since last request: 7.599757 seconds.
  path: Assets/Material/SafeColor.mat
  artifactKey: Guid(88bd0a5899c367f4ea661dc6a8e3277e) Importer(815301076,1909f56bfc062723c751e8b465ee728b)
Start importing Assets/Material/SafeColor.mat using Guid(88bd0a5899c367f4ea661dc6a8e3277e) Importer(815301076,1909f56bfc062723c751e8b465ee728b)  -> (artifact id: '30dd03141a7da3e9b54b3917f4e408de') in 0.018058 seconds
  Import took 0.027933 seconds .

========================================================================
Received Prepare
Registering precompiled user dll's ...
Registered in 0.000749 seconds.
Begin MonoManager ReloadAssembly
Native extension for WindowsStandalone target not found
Refreshing native plugins compatible for Editor in 0.24 ms, found 0 plugins.
Preloading 0 native plugins for Editor in 0.00 ms.
Mono: successfully reloaded assembly
- Completed reload, in  1.039 seconds
Platform modules already initialized, skipping
Refreshing native plugins compatible for Editor in 0.28 ms, found 0 plugins.
Preloading 0 native plugins for Editor in 0.00 ms.
Unloading 1113 Unused Serialized files (Serialized files now loaded: 0)
System memory in use before: 60.8 MB.
System memory in use after: 60.9 MB.

Unloading 5 unused Assets to reduce memory usage. Loaded Objects now: 1684.
Total: 2.130600 ms (FindLiveObjects: 0.172700 ms CreateObjectMapping: 0.070600 ms MarkObjects: 1.835100 ms  DeleteObjects: 0.051100 ms)

========================================================================
Received Prepare
Registering precompiled user dll's ...
Registered in 0.000752 seconds.
Begin MonoManager ReloadAssembly
Native extension for WindowsStandalone target not found
Refreshing native plugins compatible for Editor in 0.23 ms, found 0 plugins.
Preloading 0 native plugins for Editor in 0.00 ms.
Mono: successfully reloaded assembly
- Completed reload, in  1.076 seconds
Platform modules already initialized, skipping
Refreshing native plugins compatible for Editor in 0.24 ms, found 0 plugins.
Preloading 0 native plugins for Editor in 0.00 ms.
Unloading 1113 Unused Serialized files (Serialized files now loaded: 0)
System memory in use before: 60.8 MB.
System memory in use after: 60.9 MB.

Unloading 5 unused Assets to reduce memory usage. Loaded Objects now: 1687.
Total: 2.543600 ms (FindLiveObjects: 0.181000 ms CreateObjectMapping: 0.074200 ms MarkObjects: 2.225800 ms  DeleteObjects: 0.061300 ms)

========================================================================
Received Prepare
Registering precompiled user dll's ...
Registered in 0.000737 seconds.
Begin MonoManager ReloadAssembly
Native extension for WindowsStandalone target not found
Refreshing native plugins compatible for Editor in 0.32 ms, found 0 plugins.
Preloading 0 native plugins for Editor in 0.00 ms.
Mono: successfully reloaded assembly
- Completed reload, in  1.024 seconds
Platform modules already initialized, skipping
Refreshing native plugins compatible for Editor in 0.34 ms, found 0 plugins.
Preloading 0 native plugins for Editor in 0.00 ms.
Unloading 1113 Unused Serialized files (Serialized files now loaded: 0)
System memory in use before: 60.8 MB.
System memory in use after: 60.9 MB.

Unloading 5 unused Assets to reduce memory usage. Loaded Objects now: 1690.
Total: 1.993000 ms (FindLiveObjects: 0.159900 ms CreateObjectMapping: 0.042100 ms MarkObjects: 1.732700 ms  DeleteObjects: 0.057000 ms)

========================================================================
Received Prepare
Registering precompiled user dll's ...
Registered in 0.000805 seconds.
Begin MonoManager ReloadAssembly
Native extension for WindowsStandalone target not found
Refreshing native plugins compatible for Editor in 0.28 ms, found 0 plugins.
Preloading 0 native plugins for Editor in 0.00 ms.
Mono: successfully reloaded assembly
- Completed reload, in  0.955 seconds
Platform modules already initialized, skipping
Refreshing native plugins compatible for Editor in 0.39 ms, found 0 plugins.
Preloading 0 native plugins for Editor in 0.00 ms.
Unloading 1113 Unused Serialized files (Serialized files now loaded: 0)
System memory in use before: 60.8 MB.
System memory in use after: 60.9 MB.

Unloading 5 unused Assets to reduce memory usage. Loaded Objects now: 1693.
Total: 3.993600 ms (FindLiveObjects: 0.309000 ms CreateObjectMapping: 0.094800 ms MarkObjects: 3.482100 ms  DeleteObjects: 0.105400 ms)

========================================================================
Received Import Request.
  Time since last request: 1939.902972 seconds.
  path: Assets/Material/Paint Splash.png
  artifactKey: Guid(f6a4853c5add94449b96cedf50da41c3) Importer(815301076,1909f56bfc062723c751e8b465ee728b)
Start importing Assets/Material/Paint Splash.png using Guid(f6a4853c5add94449b96cedf50da41c3) Importer(815301076,1909f56bfc062723c751e8b465ee728b)  -> (artifact id: '04365f69f9c7ba167cda9ec877b33ff2') in 0.129636 seconds
  Import took 0.157211 seconds .

========================================================================
Received Import Request.
  Time since last request: 161.050507 seconds.
  path: Assets/Prefab/Splash.prefab
  artifactKey: Guid(a68e9fb6a5190444d9ea1c3bee678221) Importer(815301076,1909f56bfc062723c751e8b465ee728b)
Start importing Assets/Prefab/Splash.prefab using Guid(a68e9fb6a5190444d9ea1c3bee678221) Importer(815301076,1909f56bfc062723c751e8b465ee728b)  -> (artifact id: '99d52b03d5200866e93fba0ad5a2535f') in 0.184421 seconds
  Import took 0.187384 seconds .

========================================================================
Received Prepare
Registering precompiled user dll's ...
Registered in 0.000703 seconds.
Begin MonoManager ReloadAssembly
Native extension for WindowsStandalone target not found
Refreshing native plugins compatible for Editor in 0.24 ms, found 0 plugins.
Preloading 0 native plugins for Editor in 0.00 ms.
Mono: successfully reloaded assembly
- Completed reload, in  0.991 seconds
Platform modules already initialized, skipping
Refreshing native plugins compatible for Editor in 0.29 ms, found 0 plugins.
Preloading 0 native plugins for Editor in 0.00 ms.
Unloading 1113 Unused Serialized files (Serialized files now loaded: 0)
System memory in use before: 60.8 MB.
System memory in use after: 60.9 MB.

Unloading 5 unused Assets to reduce memory usage. Loaded Objects now: 1698.
Total: 2.611200 ms (FindLiveObjects: 0.175400 ms CreateObjectMapping: 0.076900 ms MarkObjects: 2.292000 ms  DeleteObjects: 0.065900 ms)

========================================================================
Received Prepare
Registering precompiled user dll's ...
Registered in 0.001062 seconds.
Begin MonoManager ReloadAssembly
Native extension for WindowsStandalone target not found
Refreshing native plugins compatible for Editor in 0.27 ms, found 0 plugins.
Preloading 0 native plugins for Editor in 0.00 ms.
Mono: successfully reloaded assembly
- Completed reload, in  1.149 seconds
Platform modules already initialized, skipping
Refreshing native plugins compatible for Editor in 0.27 ms, found 0 plugins.
Preloading 0 native plugins for Editor in 0.00 ms.
Unloading 1113 Unused Serialized files (Serialized files now loaded: 0)
System memory in use before: 60.8 MB.
System memory in use after: 60.9 MB.

Unloading 5 unused Assets to reduce memory usage. Loaded Objects now: 1701.
Total: 2.219400 ms (FindLiveObjects: 0.178100 ms CreateObjectMapping: 0.045400 ms MarkObjects: 1.940100 ms  DeleteObjects: 0.054700 ms)

========================================================================
Received Prepare
Registering precompiled user dll's ...
Registered in 0.000770 seconds.
Begin MonoManager ReloadAssembly
Native extension for WindowsStandalone target not found
Refreshing native plugins compatible for Editor in 1.35 ms, found 0 plugins.
Preloading 0 native plugins for Editor in 0.00 ms.
Mono: successfully reloaded assembly
- Completed reload, in  1.075 seconds
Platform modules already initialized, skipping
Refreshing native plugins compatible for Editor in 0.46 ms, found 0 plugins.
Preloading 0 native plugins for Editor in 0.00 ms.
Unloading 1113 Unused Serialized files (Serialized files now loaded: 0)
System memory in use before: 60.8 MB.
System memory in use after: 60.9 MB.

Unloading 5 unused Assets to reduce memory usage. Loaded Objects now: 1704.
Total: 4.713300 ms (FindLiveObjects: 0.343000 ms CreateObjectMapping: 0.144700 ms MarkObjects: 4.109700 ms  DeleteObjects: 0.113700 ms)

========================================================================
Received Import Request.
  Time since last request: 904.693442 seconds.
  path: Assets/Script/Gamemanager.cs
  artifactKey: Guid(2c324b333ba9935428178f2fb36c1338) Importer(815301076,1909f56bfc062723c751e8b465ee728b)
Start importing Assets/Script/Gamemanager.cs using Guid(2c324b333ba9935428178f2fb36c1338) Importer(815301076,1909f56bfc062723c751e8b465ee728b)  -> (artifact id: '29ddc1595cc2cac94e291f1c50cf794a') in 0.019287 seconds
  Import took 0.024030 seconds .

========================================================================
Received Prepare
Registering precompiled user dll's ...
Registered in 0.001101 seconds.
Begin MonoManager ReloadAssembly
Native extension for WindowsStandalone target not found
Refreshing native plugins compatible for Editor in 0.50 ms, found 0 plugins.
Preloading 0 native plugins for Editor in 0.00 ms.
Mono: successfully reloaded assembly
- Completed reload, in  1.213 seconds
Platform modules already initialized, skipping
Refreshing native plugins compatible for Editor in 0.32 ms, found 0 plugins.
Preloading 0 native plugins for Editor in 0.00 ms.
Unloading 1114 Unused Serialized files (Serialized files now loaded: 0)
System memory in use before: 60.9 MB.
System memory in use after: 60.9 MB.

Unloading 5 unused Assets to reduce memory usage. Loaded Objects now: 1708.
Total: 3.609300 ms (FindLiveObjects: 0.193000 ms CreateObjectMapping: 0.053700 ms MarkObjects: 3.227000 ms  DeleteObjects: 0.133800 ms)

========================================================================
Received Import Request.
  Time since last request: 11.148468 seconds.
  path: Assets/Script/Ring.cs
  artifactKey: Guid(f90565db38352d449b58a1b6b12a0e0a) Importer(815301076,1909f56bfc062723c751e8b465ee728b)
Start importing Assets/Script/Ring.cs using Guid(f90565db38352d449b58a1b6b12a0e0a) Importer(815301076,1909f56bfc062723c751e8b465ee728b)  -> (artifact id: '5ec5a22ea9007bf8d69e659980dc0619') in 0.014021 seconds
  Import took 0.017163 seconds .

========================================================================
Received Prepare
Registering precompiled user dll's ...
Registered in 0.000909 seconds.
Begin MonoManager ReloadAssembly
Native extension for WindowsStandalone target not found
Refreshing native plugins compatible for Editor in 0.37 ms, found 0 plugins.
Preloading 0 native plugins for Editor in 0.00 ms.
Mono: successfully reloaded assembly
- Completed reload, in  1.196 seconds
Platform modules already initialized, skipping
Refreshing native plugins compatible for Editor in 0.26 ms, found 0 plugins.
Preloading 0 native plugins for Editor in 0.00 ms.
Unloading 1115 Unused Serialized files (Serialized files now loaded: 0)
System memory in use before: 60.9 MB.
System memory in use after: 61.0 MB.

Unloading 5 unused Assets to reduce memory usage. Loaded Objects now: 1712.
Total: 2.310900 ms (FindLiveObjects: 0.145000 ms CreateObjectMapping: 0.042800 ms MarkObjects: 2.065900 ms  DeleteObjects: 0.056100 ms)

========================================================================
Received Prepare
Registering precompiled user dll's ...
Registered in 0.000788 seconds.
Begin MonoManager ReloadAssembly
Native extension for WindowsStandalone target not found
Refreshing native plugins compatible for Editor in 0.27 ms, found 0 plugins.
Preloading 0 native plugins for Editor in 0.00 ms.
Mono: successfully reloaded assembly
- Completed reload, in  0.963 seconds
Platform modules already initialized, skipping
Refreshing native plugins compatible for Editor in 0.34 ms, found 0 plugins.
Preloading 0 native plugins for Editor in 0.00 ms.
Unloading 1115 Unused Serialized files (Serialized files now loaded: 0)
System memory in use before: 60.9 MB.
System memory in use after: 61.0 MB.

Unloading 5 unused Assets to reduce memory usage. Loaded Objects now: 1715.
Total: 2.201400 ms (FindLiveObjects: 0.190800 ms CreateObjectMapping: 0.047100 ms MarkObjects: 1.898600 ms  DeleteObjects: 0.063400 ms)

========================================================================
Received Import Request.
  Time since last request: 540.220186 seconds.
  path: Assets/Script/Ring.cs
  artifactKey: Guid(f90565db38352d449b58a1b6b12a0e0a) Importer(815301076,1909f56bfc062723c751e8b465ee728b)
Start importing Assets/Script/Ring.cs using Guid(f90565db38352d449b58a1b6b12a0e0a) Importer(815301076,1909f56bfc062723c751e8b465ee728b)  -> (artifact id: 'e542dd2f2d26e123a7050bd4f5485f8b') in 0.010863 seconds
  Import took 0.019339 seconds .

========================================================================
Received Prepare
Registering precompiled user dll's ...
Registered in 0.002077 seconds.
Begin MonoManager ReloadAssembly
Native extension for WindowsStandalone target not found
Refreshing native plugins compatible for Editor in 0.24 ms, found 0 plugins.
Preloading 0 native plugins for Editor in 0.00 ms.
Mono: successfully reloaded assembly
- Completed reload, in  1.037 seconds
Platform modules already initialized, skipping
Refreshing native plugins compatible for Editor in 0.28 ms, found 0 plugins.
Preloading 0 native plugins for Editor in 0.00 ms.
Unloading 1115 Unused Serialized files (Serialized files now loaded: 0)
System memory in use before: 60.9 MB.
System memory in use after: 61.0 MB.

Unloading 5 unused Assets to reduce memory usage. Loaded Objects now: 1718.
Total: 2.791800 ms (FindLiveObjects: 0.545000 ms CreateObjectMapping: 0.106900 ms MarkObjects: 2.075400 ms  DeleteObjects: 0.061600 ms)

========================================================================
Received Prepare
Registering precompiled user dll's ...
Registered in 0.000722 seconds.
Begin MonoManager ReloadAssembly
Native extension for WindowsStandalone target not found
Refreshing native plugins compatible for Editor in 0.26 ms, found 0 plugins.
Preloading 0 native plugins for Editor in 0.00 ms.
Mono: successfully reloaded assembly
- Completed reload, in  1.090 seconds
Platform modules already initialized, skipping
Refreshing native plugins compatible for Editor in 0.28 ms, found 0 plugins.
Preloading 0 native plugins for Editor in 0.00 ms.
Unloading 1115 Unused Serialized files (Serialized files now loaded: 0)
System memory in use before: 60.9 MB.
System memory in use after: 61.0 MB.

Unloading 5 unused Assets to reduce memory usage. Loaded Objects now: 1721.
Total: 2.279200 ms (FindLiveObjects: 0.190300 ms CreateObjectMapping: 0.077700 ms MarkObjects: 1.953700 ms  DeleteObjects: 0.056600 ms)

========================================================================
Received Prepare
Registering precompiled user dll's ...
Registered in 0.000758 seconds.
Begin MonoManager ReloadAssembly
Native extension for WindowsStandalone target not found
Refreshing native plugins compatible for Editor in 0.23 ms, found 0 plugins.
Preloading 0 native plugins for Editor in 0.00 ms.
Mono: successfully reloaded assembly
- Completed reload, in  1.070 seconds
Platform modules already initialized, skipping
Refreshing native plugins compatible for Editor in 0.30 ms, found 0 plugins.
Preloading 0 native plugins for Editor in 0.00 ms.
Unloading 1115 Unused Serialized files (Serialized files now loaded: 0)
System memory in use before: 60.9 MB.
System memory in use after: 61.0 MB.

Unloading 5 unused Assets to reduce memory usage. Loaded Objects now: 1724.
Total: 1.932800 ms (FindLiveObjects: 0.144600 ms CreateObjectMapping: 0.044800 ms MarkObjects: 1.687600 ms  DeleteObjects: 0.054900 ms)

========================================================================
Received Prepare
Registering precompiled user dll's ...
Registered in 0.000764 seconds.
Begin MonoManager ReloadAssembly
Native extension for WindowsStandalone target not found
Refreshing native plugins compatible for Editor in 0.24 ms, found 0 plugins.
Preloading 0 native plugins for Editor in 0.00 ms.
Mono: successfully reloaded assembly
- Completed reload, in  1.008 seconds
Platform modules already initialized, skipping
Refreshing native plugins compatible for Editor in 0.26 ms, found 0 plugins.
Preloading 0 native plugins for Editor in 0.00 ms.
Unloading 1115 Unused Serialized files (Serialized files now loaded: 0)
System memory in use before: 60.9 MB.
System memory in use after: 61.0 MB.

Unloading 5 unused Assets to reduce memory usage. Loaded Objects now: 1727.
Total: 2.181900 ms (FindLiveObjects: 0.182200 ms CreateObjectMapping: 0.045300 ms MarkObjects: 1.890700 ms  DeleteObjects: 0.062500 ms)

========================================================================
Received Prepare
Registering precompiled user dll's ...
Registered in 0.000820 seconds.
Begin MonoManager ReloadAssembly
Native extension for WindowsStandalone target not found
Refreshing native plugins compatible for Editor in 1.05 ms, found 0 plugins.
Preloading 0 native plugins for Editor in 0.00 ms.
Mono: successfully reloaded assembly
- Completed reload, in  1.019 seconds
Platform modules already initialized, skipping
Refreshing native plugins compatible for Editor in 0.24 ms, found 0 plugins.
Preloading 0 native plugins for Editor in 0.00 ms.
Unloading 1115 Unused Serialized files (Serialized files now loaded: 0)
System memory in use before: 60.9 MB.
System memory in use after: 61.0 MB.

Unloading 5 unused Assets to reduce memory usage. Loaded Objects now: 1730.
Total: 2.171900 ms (FindLiveObjects: 0.171600 ms CreateObjectMapping: 0.044800 ms MarkObjects: 1.899200 ms  DeleteObjects: 0.055300 ms)

========================================================================
Received Import Request.
  Time since last request: 575.839010 seconds.
  path: Assets/Material/BallColor.mat
  artifactKey: Guid(d537f702f36963643841c042bebc54cf) Importer(815301076,1909f56bfc062723c751e8b465ee728b)
Start importing Assets/Material/BallColor.mat using Guid(d537f702f36963643841c042bebc54cf) Importer(815301076,1909f56bfc062723c751e8b465ee728b)  -> (artifact id: '0e58a36959562fef77e86d6bb373cdfc') in 0.349997 seconds
  Import took 0.353072 seconds .

========================================================================
Received Import Request.
  Time since last request: 0.311292 seconds.
  path: Assets/Material/Cylinder.mat
  artifactKey: Guid(eb3935e2c49a896478a03aaaee1a9054) Importer(815301076,1909f56bfc062723c751e8b465ee728b)
Start importing Assets/Material/Cylinder.mat using Guid(eb3935e2c49a896478a03aaaee1a9054) Importer(815301076,1909f56bfc062723c751e8b465ee728b)  -> (artifact id: '365ac7793d26f7877b3aa83c9fcc9d2b') in 0.099565 seconds
  Import took 0.102521 seconds .

========================================================================
Received Prepare
Registering precompiled user dll's ...
Registered in 0.000658 seconds.
Begin MonoManager ReloadAssembly
Native extension for WindowsStandalone target not found
Refreshing native plugins compatible for Editor in 0.27 ms, found 0 plugins.
Preloading 0 native plugins for Editor in 0.00 ms.
Mono: successfully reloaded assembly
- Completed reload, in  1.053 seconds
Platform modules already initialized, skipping
Refreshing native plugins compatible for Editor in 0.30 ms, found 0 plugins.
Preloading 0 native plugins for Editor in 0.00 ms.
Unloading 1115 Unused Serialized files (Serialized files now loaded: 0)
System memory in use before: 60.9 MB.
System memory in use after: 61.0 MB.

Unloading 5 unused Assets to reduce memory usage. Loaded Objects now: 1734.
Total: 2.020600 ms (FindLiveObjects: 0.174100 ms CreateObjectMapping: 0.046900 ms MarkObjects: 1.740700 ms  DeleteObjects: 0.058100 ms)

========================================================================
Received Prepare
Refreshing native plugins compatible for Editor in 0.97 ms, found 0 plugins.
Preloading 0 native plugins for Editor in 0.00 ms.
Unloading 3 Unused Serialized files (Serialized files now loaded: 0)
System memory in use before: 38.9 MB.
System memory in use after: 39.0 MB.

Unloading 3 unused Assets to reduce memory usage. Loaded Objects now: 1734.
Total: 2.083300 ms (FindLiveObjects: 0.144500 ms CreateObjectMapping: 0.045600 ms MarkObjects: 1.844000 ms  DeleteObjects: 0.048200 ms)

AssetImportWorkerClient::OnTransportError - code=2 error=End of file
